<?xml version="1.0" encoding="UTF-8"?>
<!DOCTYPE configuration PUBLIC "-//mybatis.org//DTD Config 3.0//EN"  "http://mybatis.org/dtd/mybatis-3-config.dtd">
<configuration>
	<settings>
		<setting name="logImpl" value="LOG4J"/>
		<!-- aggressiveLazyLoading为true时表示对任意延迟属性的调用会使带有延迟加载属性的对象完全加载（类似延迟加载属性无效）；反之，则按需加载。默认为true -->
		<setting name="aggressiveLazyLoading" value="false"/>
	</settings>
	
	<environments default="development">
		<environment id="development">
			<transactionManager type="JDBC">
				<property name="" value=""/>
			</transactionManager>
			<dataSource type="UNPOOLED">
				<property name="driver" value="com.mysql.cj.jdbc.Driver"/>
				<property name="url" value="jdbc:mysql://localhost:3306/mybatis?serverTimezone=UTC&amp;useUnicode=true&amp;characterEncoding=utf8&amp;useSSL=false"/>
				<property name="username" value="root"/>
				<property name="password" value="...."/>
			</dataSource>
		</environment>
	</environments>
	
	<mappers>
		<mapper resource="xiye/test/mapper/UserMapper.xml"/>
		<mapper resource="xiye/test/mapper/RoleMapper.xml"/>
		<mapper resource="xiye/test/mapper/UserRoleMapper.xml"/>
		<mapper resource="xiye/test/mapper/PrivilegeMapper.xml"/>
		<mapper resource="xiye/test/mapper/RolePrivilegeMapper.xml"/>
	</mappers>
</configuration>